Determining if the pthread_create exist failed with the following output:
Change Dir: /home/lcross/Documents/Arcade-Learning-Environment-0.5.1/CMakeFiles/CMakeTmp

Run Build Command:/usr/bin/make "cmTryCompileExec305025088/fast"
/usr/bin/make -f CMakeFiles/cmTryCompileExec305025088.dir/build.make CMakeFiles/cmTryCompileExec305025088.dir/build
make[1]: Entering directory `/home/lcross/Documents/Arcade-Learning-Environment-0.5.1/CMakeFiles/CMakeTmp'
/usr/bin/cmake -E cmake_progress_report /home/lcross/Documents/Arcade-Learning-Environment-0.5.1/CMakeFiles/CMakeTmp/CMakeFiles 1
Building C object CMakeFiles/cmTryCompileExec305025088.dir/CheckSymbolExists.c.o
/usr/bin/cc    -o CMakeFiles/cmTryCompileExec305025088.dir/CheckSymbolExists.c.o   -c /home/lcross/Documents/Arcade-Learning-Environment-0.5.1/CMakeFiles/CMakeTmp/CheckSymbolExists.c
Linking C executable cmTryCompileExec305025088
/usr/bin/cmake -E cmake_link_script CMakeFiles/cmTryCompileExec305025088.dir/link.txt --verbose=1
/usr/bin/cc       CMakeFiles/cmTryCompileExec305025088.dir/CheckSymbolExists.c.o  -o cmTryCompileExec305025088 -rdynamic 
CMakeFiles/cmTryCompileExec305025088.dir/CheckSymbolExists.c.o: In function `main':
CheckSymbolExists.c:(.text+0x16): undefined reference to `pthread_create'
collect2: error: ld returned 1 exit status
make[1]: *** [cmTryCompileExec305025088] Error 1
make[1]: Leaving directory `/home/lcross/Documents/Arcade-Learning-Environment-0.5.1/CMakeFiles/CMakeTmp'
make: *** [cmTryCompileExec305025088/fast] Error 2

File /home/lcross/Documents/Arcade-Learning-Environment-0.5.1/CMakeFiles/CMakeTmp/CheckSymbolExists.c:
/* */
#include <pthread.h>

int main(int argc, char** argv)
{
  (void)argv;
#ifndef pthread_create
  return ((int*)(&pthread_create))[argc];
#else
  (void)argc;
  return 0;
#endif
}

Determining if the function pthread_create exists in the pthreads failed with the following output:
Change Dir: /home/lcross/Documents/Arcade-Learning-Environment-0.5.1/CMakeFiles/CMakeTmp

Run Build Command:/usr/bin/make "cmTryCompileExec4139632063/fast"
/usr/bin/make -f CMakeFiles/cmTryCompileExec4139632063.dir/build.make CMakeFiles/cmTryCompileExec4139632063.dir/build
make[1]: Entering directory `/home/lcross/Documents/Arcade-Learning-Environment-0.5.1/CMakeFiles/CMakeTmp'
/usr/bin/cmake -E cmake_progress_report /home/lcross/Documents/Arcade-Learning-Environment-0.5.1/CMakeFiles/CMakeTmp/CMakeFiles 1
Building C object CMakeFiles/cmTryCompileExec4139632063.dir/CheckFunctionExists.c.o
/usr/bin/cc   -DCHECK_FUNCTION_EXISTS=pthread_create   -o CMakeFiles/cmTryCompileExec4139632063.dir/CheckFunctionExists.c.o   -c /usr/share/cmake-2.8/Modules/CheckFunctionExists.c
Linking C executable cmTryCompileExec4139632063
/usr/bin/cmake -E cmake_link_script CMakeFiles/cmTryCompileExec4139632063.dir/link.txt --verbose=1
/usr/bin/cc   -DCHECK_FUNCTION_EXISTS=pthread_create    CMakeFiles/cmTryCompileExec4139632063.dir/CheckFunctionExists.c.o  -o cmTryCompileExec4139632063 -rdynamic -lpthreads 
/usr/bin/ld: cannot find -lpthreads
collect2: error: ld returned 1 exit status
make[1]: *** [cmTryCompileExec4139632063] Error 1
make[1]: Leaving directory `/home/lcross/Documents/Arcade-Learning-Environment-0.5.1/CMakeFiles/CMakeTmp'
make: *** [cmTryCompileExec4139632063/fast] Error 2


